2026-05-05 18:30:46.831 -03:00 [WRN] Entity 'User' has a global query filter defined and is the required end of a relationship with the entity 'Address'. This may lead to unexpected results when the required entity is filtered out. Either configure the navigation as optional, or define matching query filters for both entities in the navigation. See https://go.microsoft.com/fwlink/?linkid=2131316 for more information.
2026-05-05 18:30:46.867 -03:00 [WRN] Entity 'Product' has a global query filter defined and is the required end of a relationship with the entity 'CartItem'. This may lead to unexpected results when the required entity is filtered out. Either configure the navigation as optional, or define matching query filters for both entities in the navigation. See https://go.microsoft.com/fwlink/?linkid=2131316 for more information.
2026-05-05 18:30:46.871 -03:00 [WRN] Entity 'Order' has a global query filter defined and is the required end of a relationship with the entity 'OrderItem'. This may lead to unexpected results when the required entity is filtered out. Either configure the navigation as optional, or define matching query filters for both entities in the navigation. See https://go.microsoft.com/fwlink/?linkid=2131316 for more information.
2026-05-05 18:30:46.872 -03:00 [WRN] Entity 'Order' has a global query filter defined and is the required end of a relationship with the entity 'Payment'. This may lead to unexpected results when the required entity is filtered out. Either configure the navigation as optional, or define matching query filters for both entities in the navigation. See https://go.microsoft.com/fwlink/?linkid=2131316 for more information.
2026-05-05 18:30:46.873 -03:00 [WRN] Entity 'Product' has a global query filter defined and is the required end of a relationship with the entity 'ProductImage'. This may lead to unexpected results when the required entity is filtered out. Either configure the navigation as optional, or define matching query filters for both entities in the navigation. See https://go.microsoft.com/fwlink/?linkid=2131316 for more information.
2026-05-05 18:30:46.874 -03:00 [WRN] Entity 'Product' has a global query filter defined and is the required end of a relationship with the entity 'ProductReview'. This may lead to unexpected results when the required entity is filtered out. Either configure the navigation as optional, or define matching query filters for both entities in the navigation. See https://go.microsoft.com/fwlink/?linkid=2131316 for more information.
2026-05-05 18:30:46.874 -03:00 [WRN] Entity 'Product' has a global query filter defined and is the required end of a relationship with the entity 'ProductVariant'. This may lead to unexpected results when the required entity is filtered out. Either configure the navigation as optional, or define matching query filters for both entities in the navigation. See https://go.microsoft.com/fwlink/?linkid=2131316 for more information.
2026-05-05 18:30:46.875 -03:00 [WRN] Entity 'Product' has a global query filter defined and is the required end of a relationship with the entity 'Wishlist'. This may lead to unexpected results when the required entity is filtered out. Either configure the navigation as optional, or define matching query filters for both entities in the navigation. See https://go.microsoft.com/fwlink/?linkid=2131316 for more information.
2026-05-05 18:30:57.375 -03:00 [WRN] Entity 'User' has a global query filter defined and is the required end of a relationship with the entity 'Address'. This may lead to unexpected results when the required entity is filtered out. Either configure the navigation as optional, or define matching query filters for both entities in the navigation. See https://go.microsoft.com/fwlink/?linkid=2131316 for more information.
2026-05-05 18:30:57.427 -03:00 [WRN] Entity 'Product' has a global query filter defined and is the required end of a relationship with the entity 'CartItem'. This may lead to unexpected results when the required entity is filtered out. Either configure the navigation as optional, or define matching query filters for both entities in the navigation. See https://go.microsoft.com/fwlink/?linkid=2131316 for more information.
2026-05-05 18:30:57.430 -03:00 [WRN] Entity 'Order' has a global query filter defined and is the required end of a relationship with the entity 'OrderItem'. This may lead to unexpected results when the required entity is filtered out. Either configure the navigation as optional, or define matching query filters for both entities in the navigation. See https://go.microsoft.com/fwlink/?linkid=2131316 for more information.
2026-05-05 18:30:57.433 -03:00 [WRN] Entity 'Order' has a global query filter defined and is the required end of a relationship with the entity 'Payment'. This may lead to unexpected results when the required entity is filtered out. Either configure the navigation as optional, or define matching query filters for both entities in the navigation. See https://go.microsoft.com/fwlink/?linkid=2131316 for more information.
2026-05-05 18:30:57.435 -03:00 [WRN] Entity 'Product' has a global query filter defined and is the required end of a relationship with the entity 'ProductImage'. This may lead to unexpected results when the required entity is filtered out. Either configure the navigation as optional, or define matching query filters for both entities in the navigation. See https://go.microsoft.com/fwlink/?linkid=2131316 for more information.
2026-05-05 18:30:57.438 -03:00 [WRN] Entity 'Product' has a global query filter defined and is the required end of a relationship with the entity 'ProductReview'. This may lead to unexpected results when the required entity is filtered out. Either configure the navigation as optional, or define matching query filters for both entities in the navigation. See https://go.microsoft.com/fwlink/?linkid=2131316 for more information.
2026-05-05 18:30:57.440 -03:00 [WRN] Entity 'Product' has a global query filter defined and is the required end of a relationship with the entity 'ProductVariant'. This may lead to unexpected results when the required entity is filtered out. Either configure the navigation as optional, or define matching query filters for both entities in the navigation. See https://go.microsoft.com/fwlink/?linkid=2131316 for more information.
2026-05-05 18:30:57.441 -03:00 [WRN] Entity 'Product' has a global query filter defined and is the required end of a relationship with the entity 'Wishlist'. This may lead to unexpected results when the required entity is filtered out. Either configure the navigation as optional, or define matching query filters for both entities in the navigation. See https://go.microsoft.com/fwlink/?linkid=2131316 for more information.
2026-05-05 18:31:00.688 -03:00 [ERR] An error occurred using the connection to database 'ecommerce_dev' on server 'tcp://YOUR_NEON_HOST:5432'.
2026-05-05 18:37:14.315 -03:00 [WRN] Entity 'User' has a global query filter defined and is the required end of a relationship with the entity 'Address'. This may lead to unexpected results when the required entity is filtered out. Either configure the navigation as optional, or define matching query filters for both entities in the navigation. See https://go.microsoft.com/fwlink/?linkid=2131316 for more information.
2026-05-05 18:37:14.347 -03:00 [WRN] Entity 'Product' has a global query filter defined and is the required end of a relationship with the entity 'CartItem'. This may lead to unexpected results when the required entity is filtered out. Either configure the navigation as optional, or define matching query filters for both entities in the navigation. See https://go.microsoft.com/fwlink/?linkid=2131316 for more information.
2026-05-05 18:37:14.349 -03:00 [WRN] Entity 'Order' has a global query filter defined and is the required end of a relationship with the entity 'OrderItem'. This may lead to unexpected results when the required entity is filtered out. Either configure the navigation as optional, or define matching query filters for both entities in the navigation. See https://go.microsoft.com/fwlink/?linkid=2131316 for more information.
2026-05-05 18:37:14.350 -03:00 [WRN] Entity 'Order' has a global query filter defined and is the required end of a relationship with the entity 'Payment'. This may lead to unexpected results when the required entity is filtered out. Either configure the navigation as optional, or define matching query filters for both entities in the navigation. See https://go.microsoft.com/fwlink/?linkid=2131316 for more information.
2026-05-05 18:37:14.351 -03:00 [WRN] Entity 'Product' has a global query filter defined and is the required end of a relationship with the entity 'ProductImage'. This may lead to unexpected results when the required entity is filtered out. Either configure the navigation as optional, or define matching query filters for both entities in the navigation. See https://go.microsoft.com/fwlink/?linkid=2131316 for more information.
2026-05-05 18:37:14.351 -03:00 [WRN] Entity 'Product' has a global query filter defined and is the required end of a relationship with the entity 'ProductReview'. This may lead to unexpected results when the required entity is filtered out. Either configure the navigation as optional, or define matching query filters for both entities in the navigation. See https://go.microsoft.com/fwlink/?linkid=2131316 for more information.
2026-05-05 18:37:14.352 -03:00 [WRN] Entity 'Product' has a global query filter defined and is the required end of a relationship with the entity 'ProductVariant'. This may lead to unexpected results when the required entity is filtered out. Either configure the navigation as optional, or define matching query filters for both entities in the navigation. See https://go.microsoft.com/fwlink/?linkid=2131316 for more information.
2026-05-05 18:37:14.353 -03:00 [WRN] Entity 'Product' has a global query filter defined and is the required end of a relationship with the entity 'Wishlist'. This may lead to unexpected results when the required entity is filtered out. Either configure the navigation as optional, or define matching query filters for both entities in the navigation. See https://go.microsoft.com/fwlink/?linkid=2131316 for more information.
2026-05-05 18:37:16.369 -03:00 [ERR] Failed executing DbCommand (241ms) [Parameters=[], CommandType='"Text"', CommandTimeout='30']
SELECT "MigrationId", "ProductVersion"
FROM "__EFMigrationsHistory"
ORDER BY "MigrationId";
2026-05-05 19:03:35.249 -03:00 [INF] User profile is available. Using 'C:\Users\Euclides Marques\AppData\Local\ASP.NET\DataProtection-Keys' as key repository and Windows DPAPI to encrypt keys at rest.
2026-05-05 19:03:35.364 -03:00 [INF] Now listening on: http://localhost:5123
2026-05-05 19:03:35.366 -03:00 [INF] Application started. Press Ctrl+C to shut down.
2026-05-05 19:03:35.368 -03:00 [INF] Hosting environment: Development
2026-05-05 19:03:35.369 -03:00 [INF] Content root path: C:\Users\Euclides Marques\Documents\Gil\E-commerce\backend\src\ECommerce.API
2026-05-05 19:03:46.173 -03:00 [INF] Application is shutting down...
2026-05-05 19:03:58.556 -03:00 [INF] User profile is available. Using 'C:\Users\Euclides Marques\AppData\Local\ASP.NET\DataProtection-Keys' as key repository and Windows DPAPI to encrypt keys at rest.
2026-05-05 19:03:58.670 -03:00 [INF] Now listening on: http://localhost:5123
2026-05-05 19:03:58.672 -03:00 [INF] Application started. Press Ctrl+C to shut down.
2026-05-05 19:03:58.673 -03:00 [INF] Hosting environment: Development
2026-05-05 19:03:58.674 -03:00 [INF] Content root path: C:\Users\Euclides Marques\Documents\Gil\E-commerce\backend\src\ECommerce.API
2026-05-05 19:04:17.031 -03:00 [INF] Request starting HTTP/1.1 GET http://localhost:5123/ - null null
2026-05-05 19:04:17.078 -03:00 [WRN] Failed to determine the https port for redirect.
2026-05-05 19:04:18.902 -03:00 [INF] HTTP GET / responded 404 in 1824.4127 ms
2026-05-05 19:04:18.916 -03:00 [INF] Request finished HTTP/1.1 GET http://localhost:5123/ - 404 0 null 1886.7372ms
2026-05-05 19:04:18.924 -03:00 [INF] Request reached the end of the middleware pipeline without being handled by application code. Request path: GET http://localhost:5123/, Response status code: 404
2026-05-05 19:04:19.064 -03:00 [INF] Request starting HTTP/1.1 GET http://localhost:5123/favicon.ico - null null
2026-05-05 19:04:19.088 -03:00 [INF] HTTP GET /favicon.ico responded 404 in 8.6955 ms
2026-05-05 19:04:19.095 -03:00 [INF] Request finished HTTP/1.1 GET http://localhost:5123/favicon.ico - 404 0 null 31.159ms
2026-05-05 19:04:19.103 -03:00 [INF] Request reached the end of the middleware pipeline without being handled by application code. Request path: GET http://localhost:5123/favicon.ico, Response status code: 404
2026-05-05 19:04:35.068 -03:00 [INF] Request starting HTTP/1.1 GET http://localhost:5123/swagger - null null
2026-05-05 19:04:35.075 -03:00 [INF] Request finished HTTP/1.1 GET http://localhost:5123/swagger - 301 0 null 7.082ms
2026-05-05 19:04:35.080 -03:00 [INF] Request starting HTTP/1.1 GET http://localhost:5123/swagger/index.html - null null
2026-05-05 19:04:35.178 -03:00 [INF] Request finished HTTP/1.1 GET http://localhost:5123/swagger/index.html - 200 null text/html;charset=utf-8 97.4087ms
2026-05-05 19:04:35.190 -03:00 [INF] Request starting HTTP/1.1 GET http://localhost:5123/swagger/swagger-ui.css - null null
2026-05-05 19:04:35.195 -03:00 [INF] Request starting HTTP/1.1 GET http://localhost:5123/swagger/index.css - null null
2026-05-05 19:04:35.195 -03:00 [INF] Request starting HTTP/1.1 GET http://localhost:5123/swagger/swagger-ui-bundle.js - null null
2026-05-05 19:04:35.196 -03:00 [INF] Request starting HTTP/1.1 GET http://localhost:5123/swagger/index.js - null null
2026-05-05 19:04:35.196 -03:00 [INF] Request starting HTTP/1.1 GET http://localhost:5123/swagger/swagger-ui-standalone-preset.js - null null
2026-05-05 19:04:35.207 -03:00 [INF] Request finished HTTP/1.1 GET http://localhost:5123/swagger/index.js - 200 null application/javascript;charset=utf-8 10.7595ms
2026-05-05 19:04:35.219 -03:00 [INF] Sending file. Request path: '/index.css'. Physical path: 'N/A'
2026-05-05 19:04:35.223 -03:00 [INF] Request finished HTTP/1.1 GET http://localhost:5123/swagger/index.css - 200 202 text/css 27.1747ms
2026-05-05 19:04:35.239 -03:00 [INF] Sending file. Request path: '/swagger-ui-standalone-preset.js'. Physical path: 'N/A'
2026-05-05 19:04:35.240 -03:00 [INF] Sending file. Request path: '/swagger-ui.css'. Physical path: 'N/A'
2026-05-05 19:04:35.250 -03:00 [INF] Request finished HTTP/1.1 GET http://localhost:5123/swagger/swagger-ui-standalone-preset.js - 200 229223 text/javascript 53.4331ms
2026-05-05 19:04:35.252 -03:00 [INF] Request finished HTTP/1.1 GET http://localhost:5123/swagger/swagger-ui.css - 200 154949 text/css 62.1701ms
2026-05-05 19:04:35.282 -03:00 [INF] Sending file. Request path: '/swagger-ui-bundle.js'. Physical path: 'N/A'
2026-05-05 19:04:35.286 -03:00 [INF] Request finished HTTP/1.1 GET http://localhost:5123/swagger/swagger-ui-bundle.js - 200 1466908 text/javascript 90.4314ms
2026-05-05 19:04:35.501 -03:00 [INF] Request starting HTTP/1.1 GET http://localhost:5123/swagger/favicon-16x16.png - null null
2026-05-05 19:04:35.505 -03:00 [INF] Sending file. Request path: '/favicon-16x16.png'. Physical path: 'N/A'
2026-05-05 19:04:35.508 -03:00 [INF] Request finished HTTP/1.1 GET http://localhost:5123/swagger/favicon-16x16.png - 200 665 image/png 7.2829ms
2026-05-05 19:04:35.534 -03:00 [INF] Request starting HTTP/1.1 GET http://localhost:5123/swagger/v1/swagger.json - null null
2026-05-05 19:04:35.624 -03:00 [INF] Request finished HTTP/1.1 GET http://localhost:5123/swagger/v1/swagger.json - 200 null application/json;charset=utf-8 89.6643ms
2026-05-05 19:04:39.454 -03:00 [INF] Request starting HTTP/1.1 GET http://localhost:5123/api/Health - null null
2026-05-05 19:04:39.465 -03:00 [INF] Executing endpoint 'ECommerce.API.Controllers.HealthController.Get (ECommerce.API)'
2026-05-05 19:04:39.489 -03:00 [INF] Route matched with {action = "Get", controller = "Health"}. Executing controller action with signature Microsoft.AspNetCore.Mvc.IActionResult Get() on controller ECommerce.API.Controllers.HealthController (ECommerce.API).
2026-05-05 19:04:39.499 -03:00 [INF] Executing OkObjectResult, writing value of type '<>f__AnonymousType0`3[[System.String, System.Private.CoreLib, Version=10.0.0.0, Culture=neutral, PublicKeyToken=7cec85d7bea7798e],[System.DateTime, System.Private.CoreLib, Version=10.0.0.0, Culture=neutral, PublicKeyToken=7cec85d7bea7798e],[System.String, System.Private.CoreLib, Version=10.0.0.0, Culture=neutral, PublicKeyToken=7cec85d7bea7798e]]'.
2026-05-05 19:04:39.531 -03:00 [INF] Executed action ECommerce.API.Controllers.HealthController.Get (ECommerce.API) in 34.7018ms
2026-05-05 19:04:39.533 -03:00 [INF] Executed endpoint 'ECommerce.API.Controllers.HealthController.Get (ECommerce.API)'
2026-05-05 19:04:39.534 -03:00 [INF] HTTP GET /api/Health responded 200 in 74.9688 ms
2026-05-05 19:04:39.537 -03:00 [INF] Request finished HTTP/1.1 GET http://localhost:5123/api/Health - 200 null application/json; charset=utf-8 82.5319ms
2026-05-05 19:04:45.554 -03:00 [INF] Request starting HTTP/1.1 GET http://localhost:5123/ - null null
2026-05-05 19:04:45.558 -03:00 [INF] HTTP GET / responded 404 in 0.1624 ms
2026-05-05 19:04:45.561 -03:00 [INF] Request finished HTTP/1.1 GET http://localhost:5123/ - 404 0 null 6.9596ms
2026-05-05 19:04:45.566 -03:00 [INF] Request reached the end of the middleware pipeline without being handled by application code. Request path: GET http://localhost:5123/, Response status code: 404
2026-05-05 19:05:15.334 -03:00 [INF] Application is shutting down...
2026-05-05 19:05:25.106 -03:00 [INF] User profile is available. Using 'C:\Users\Euclides Marques\AppData\Local\ASP.NET\DataProtection-Keys' as key repository and Windows DPAPI to encrypt keys at rest.
2026-05-05 19:05:25.251 -03:00 [INF] Now listening on: http://localhost:5123
2026-05-05 19:05:25.253 -03:00 [INF] Application started. Press Ctrl+C to shut down.
2026-05-05 19:05:25.254 -03:00 [INF] Hosting environment: Development
2026-05-05 19:05:25.255 -03:00 [INF] Content root path: C:\Users\Euclides Marques\Documents\Gil\E-commerce\backend\src\ECommerce.API
2026-05-05 19:05:34.432 -03:00 [INF] Request starting HTTP/1.1 GET http://localhost:5123/ - null null
2026-05-05 19:05:34.493 -03:00 [WRN] Failed to determine the https port for redirect.
2026-05-05 19:05:34.526 -03:00 [INF] HTTP GET / responded 404 in 34.7493 ms
2026-05-05 19:05:34.535 -03:00 [INF] Request finished HTTP/1.1 GET http://localhost:5123/ - 404 0 null 104.325ms
2026-05-05 19:05:34.546 -03:00 [INF] Request reached the end of the middleware pipeline without being handled by application code. Request path: GET http://localhost:5123/, Response status code: 404
2026-05-05 19:07:11.806 -03:00 [INF] Request starting HTTP/1.1 GET http://localhost:5123/ - null null
2026-05-05 19:07:11.821 -03:00 [INF] HTTP GET / responded 404 in 6.2003 ms
2026-05-05 19:07:11.825 -03:00 [INF] Request finished HTTP/1.1 GET http://localhost:5123/ - 404 0 null 21.7635ms
2026-05-05 19:07:11.832 -03:00 [INF] Request reached the end of the middleware pipeline without being handled by application code. Request path: GET http://localhost:5123/, Response status code: 404
2026-05-05 19:07:47.962 -03:00 [INF] Request starting HTTP/1.1 GET http://localhost:5123/ - null null
2026-05-05 19:07:47.973 -03:00 [INF] HTTP GET / responded 404 in 4.8723 ms
2026-05-05 19:07:47.975 -03:00 [INF] Request finished HTTP/1.1 GET http://localhost:5123/ - 404 0 null 13.0038ms
2026-05-05 19:07:47.979 -03:00 [INF] Request reached the end of the middleware pipeline without being handled by application code. Request path: GET http://localhost:5123/, Response status code: 404
2026-05-05 19:08:03.685 -03:00 [INF] Request starting HTTP/1.1 GET http://localhost:5123/ - null null
2026-05-05 19:08:03.689 -03:00 [INF] HTTP GET / responded 404 in 0.2696 ms
2026-05-05 19:08:03.695 -03:00 [INF] Request finished HTTP/1.1 GET http://localhost:5123/ - 404 0 null 10.1184ms
2026-05-05 19:08:03.701 -03:00 [INF] Request reached the end of the middleware pipeline without being handled by application code. Request path: GET http://localhost:5123/, Response status code: 404
2026-05-05 19:08:06.321 -03:00 [INF] Application is shutting down...
2026-05-05 19:08:14.508 -03:00 [INF] User profile is available. Using 'C:\Users\Euclides Marques\AppData\Local\ASP.NET\DataProtection-Keys' as key repository and Windows DPAPI to encrypt keys at rest.
2026-05-05 19:08:14.639 -03:00 [INF] Now listening on: http://localhost:5123
2026-05-05 19:08:14.643 -03:00 [INF] Application started. Press Ctrl+C to shut down.
2026-05-05 19:08:14.644 -03:00 [INF] Hosting environment: Development
2026-05-05 19:08:14.645 -03:00 [INF] Content root path: C:\Users\Euclides Marques\Documents\Gil\E-commerce\backend\src\ECommerce.API
